android/app/build/intermediates/manifest_merge_blame_file/release/manifest-merger-blame-release-report.txt
1<?xml version="1.0" encoding="utf-8"?>
2<manifest xmlns:android="http://schemas.android.com/apk/res/android"
3    package="com.meditative"
4    android:versionCode="1"
5    android:versionName="1.0" >
6
7    <uses-sdk
8        android:minSdkVersion="21"
8-->src\main\AndroidManifest.xml
9        android:targetSdkVersion="30" />
9-->src\main\AndroidManifest.xml
10
11    <uses-permission android:name="android.permission.INTERNET" />
11-->src\main\AndroidManifest.xml:4:5-67
11-->src\main\AndroidManifest.xml:4:22-64
12    <uses-permission android:name="android.permission.CAMERA" />
12-->src\main\AndroidManifest.xml:5:5-64
12-->src\main\AndroidManifest.xml:5:22-62
13    <uses-permission android:name="android.permission.WRITE_EXTERNAL_STORAGE" />
13-->src\main\AndroidManifest.xml:6:1-76
13-->src\main\AndroidManifest.xml:6:18-74
14
15    <queries>
15-->[:react-native-image-crop-picker] AndroidManifest.xml:9:5-13:15
16        <intent>
16-->[:react-native-image-crop-picker] AndroidManifest.xml:10:9-12:18
17            <action android:name="android.media.action.IMAGE_CAPTURE" />
17-->[:react-native-image-crop-picker] AndroidManifest.xml:11:13-73
17-->[:react-native-image-crop-picker] AndroidManifest.xml:11:21-70
18        </intent>
19    </queries>
20
21    <application
21-->src\main\AndroidManifest.xml:8:5-27:19
22        android:name="com.meditative.MainApplication"
22-->src\main\AndroidManifest.xml:9:7-38
23        android:allowBackup="false"
23-->src\main\AndroidManifest.xml:14:7-34
24        android:appComponentFactory="androidx.core.app.CoreComponentFactory"
24-->[androidx.core:core:1.6.0] AndroidManifest.xml:24:18-86
25        android:icon="@mipmap/ic_launcher"
25-->src\main\AndroidManifest.xml:12:7-41
26        android:label="@string/app_name"
26-->src\main\AndroidManifest.xml:11:7-39
27        android:requestLegacyExternalStorage="true"
27-->src\main\AndroidManifest.xml:10:7-50
28        android:roundIcon="@mipmap/ic_launcher_round"
28-->src\main\AndroidManifest.xml:13:7-52
29        android:theme="@style/AppTheme" >
29-->src\main\AndroidManifest.xml:15:7-38
30        <activity
30-->src\main\AndroidManifest.xml:16:7-26:18
31            android:name="com.meditative.MainActivity"
31-->src\main\AndroidManifest.xml:17:9-37
32            android:configChanges="keyboard|keyboardHidden|orientation|screenSize|uiMode"
32-->src\main\AndroidManifest.xml:19:9-86
33            android:label="@string/app_name"
33-->src\main\AndroidManifest.xml:18:9-41
34            android:launchMode="singleTask"
34-->src\main\AndroidManifest.xml:20:9-40
35            android:windowSoftInputMode="adjustResize" >
35-->src\main\AndroidManifest.xml:21:9-51
36            <intent-filter>
36-->src\main\AndroidManifest.xml:22:9-25:25
37                <action android:name="android.intent.action.MAIN" />
37-->src\main\AndroidManifest.xml:23:13-65
37-->src\main\AndroidManifest.xml:23:21-62
38
39                <category android:name="android.intent.category.LAUNCHER" />
39-->src\main\AndroidManifest.xml:24:13-73
39-->src\main\AndroidManifest.xml:24:23-70
40            </intent-filter>
41        </activity>
42
43        <provider
43-->[:react-native-image-crop-picker] AndroidManifest.xml:18:9-26:20
44            android:name="androidx.core.content.FileProvider"
44-->[:react-native-image-crop-picker] AndroidManifest.xml:19:13-62
45            android:authorities="com.meditative.provider"
45-->[:react-native-image-crop-picker] AndroidManifest.xml:20:13-60
46            android:exported="false"
46-->[:react-native-image-crop-picker] AndroidManifest.xml:21:13-37
47            android:grantUriPermissions="true" >
47-->[:react-native-image-crop-picker] AndroidManifest.xml:22:13-47
48            <meta-data
48-->[:react-native-image-crop-picker] AndroidManifest.xml:23:13-25:58
49                android:name="android.support.FILE_PROVIDER_PATHS"
49-->[:react-native-image-crop-picker] AndroidManifest.xml:24:17-67
50                android:resource="@xml/provider_paths" />
50-->[:react-native-image-crop-picker] AndroidManifest.xml:25:17-55
51        </provider>
52
53        <activity
53-->[:react-native-image-crop-picker] AndroidManifest.xml:28:9-30:72
54            android:name="com.yalantis.ucrop.UCropActivity"
54-->[:react-native-image-crop-picker] AndroidManifest.xml:29:13-60
55            android:theme="@style/Theme.AppCompat.Light.NoActionBar" />
55-->[:react-native-image-crop-picker] AndroidManifest.xml:30:13-69
56
57        <provider
57-->[:react-native-image-picker] AndroidManifest.xml:10:9-18:20
58            android:name="com.imagepicker.ImagePickerProvider"
58-->[:react-native-image-picker] AndroidManifest.xml:11:13-63
59            android:authorities="com.meditative.imagepickerprovider"
59-->[:react-native-image-picker] AndroidManifest.xml:12:13-71
60            android:exported="false"
60-->[:react-native-image-picker] AndroidManifest.xml:13:13-37
61            android:grantUriPermissions="true" >
61-->[:react-native-image-picker] AndroidManifest.xml:14:13-47
62            <meta-data
62-->[:react-native-image-crop-picker] AndroidManifest.xml:23:13-25:58
63                android:name="android.support.FILE_PROVIDER_PATHS"
63-->[:react-native-image-crop-picker] AndroidManifest.xml:24:17-67
64                android:resource="@xml/imagepicker_provider_paths" />
64-->[:react-native-image-crop-picker] AndroidManifest.xml:25:17-55
65        </provider>
66        <provider
66-->[:react-native-webview] AndroidManifest.xml:10:9-18:20
67            android:name="com.reactnativecommunity.webview.RNCWebViewFileProvider"
67-->[:react-native-webview] AndroidManifest.xml:11:13-83
68            android:authorities="com.meditative.fileprovider"
68-->[:react-native-webview] AndroidManifest.xml:12:13-64
69            android:exported="false"
69-->[:react-native-webview] AndroidManifest.xml:13:13-37
70            android:grantUriPermissions="true" >
70-->[:react-native-webview] AndroidManifest.xml:14:13-47
71            <meta-data
71-->[:react-native-image-crop-picker] AndroidManifest.xml:23:13-25:58
72                android:name="android.support.FILE_PROVIDER_PATHS"
72-->[:react-native-image-crop-picker] AndroidManifest.xml:24:17-67
73                android:resource="@xml/file_provider_paths" />
73-->[:react-native-image-crop-picker] AndroidManifest.xml:25:17-55
74        </provider>
75    </application>
76
77</manifest>